<?xml version="1.0" encoding="utf-8"?><testsuites name="pytest tests"><testsuite name="pytest" errors="0" failures="0" skipped="0" tests="53" time="11.868" timestamp="2026-08-03T02:36:31.448601+00:00" hostname="codespaces-b99225"><testcase classname="tests.test_audit" name="test_audit_export_contains_events_totals_and_media_hash" time="0.074" /><testcase classname="tests.test_auditor" name="test_golden_storyboard_passes_spatial_gate_and_avoids_text_objects" time="0.001" /><testcase classname="tests.test_auditor" name="test_storyboard_blocks_text_conflict_and_unsafe_bench" time="0.001" /><testcase classname="tests.test_auditor" name="test_storyboard_blocks_missing_master_and_camera_gaze" time="0.001" /><testcase classname="tests.test_auditor" name="test_draft_blocks_pending_review_and_passes_complete_review" time="0.002" /><testcase classname="tests.test_auditor" name="test_clinic_profile_passes_and_results_are_machine_actionable" time="0.002" /><testcase classname="tests.test_auditor" name="test_uncertain_continuity_routes_to_review_without_retry" time="0.001" /><testcase classname="tests.test_auditor" name="test_bounded_repair_requires_exact_prompt_and_one_attempt" time="0.000" /><testcase classname="tests.test_cli" name="test_avatar_image_input_allows_https_for_live_generation" time="0.000" /><testcase classname="tests.test_cli" name="test_avatar_image_input_rejects_local_file_before_live_reservation" time="0.001" /><testcase classname="tests.test_cli" name="test_avatar_image_input_keeps_data_url_for_dry_run" time="0.007" /><testcase classname="tests.test_config" name="test_registry_and_costs" time="0.001" /><testcase classname="tests.test_config" name="test_unknown_profile_and_model_fail_closed" time="0.001" /><testcase classname="tests.test_ledger" name="test_reservation_is_append_only_and_cap_is_conservative" time="0.005" /><testcase classname="tests.test_ledger" name="test_duplicate_request_is_rejected" time="0.005" /><testcase classname="tests.test_ledger" name="test_actual_total_includes_failed_billing_and_latest_reconciliation" time="0.005" /><testcase classname="tests.test_media" name="test_assembles_eight_second_clip_with_video_and_audio" time="0.858" /><testcase classname="tests.test_media" name="test_assembles_two_lipsynced_speakers_to_eight_seconds" time="2.399" /><testcase classname="tests.test_media" name="test_assembles_master_and_four_dialogue_turns" time="3.248" /><testcase classname="tests.test_media" name="test_prepares_dialogue_with_sync_preserving_trim_rate_and_crop" time="0.953" /><testcase classname="tests.test_media" name="test_flexible_timeline_preserves_interval_provenance_and_room_tone" time="4.040" /><testcase classname="tests.test_orchestrator" name="test_dry_run_is_default_and_never_calls_provider" time="0.009" /><testcase classname="tests.test_orchestrator" name="test_final_requires_human_promotion" time="0.006" /><testcase classname="tests.test_orchestrator" name="test_live_reconciles_reported_cost" time="0.008" /><testcase classname="tests.test_orchestrator" name="test_audit_safe_url_removes_query_and_fragment" time="0.000" /><testcase classname="tests.test_orchestrator" name="test_audit_safe_url_omits_data_url_payload" time="0.001" /><testcase classname="tests.test_orchestrator" name="test_failed_download_records_cost_and_provider_provenance" time="0.008" /><testcase classname="tests.test_orchestrator" name="test_unknown_cost_is_recorded_and_not_retried" time="0.007" /><testcase classname="tests.test_orchestrator" name="test_unconfirmed_live_request_does_not_reserve" time="0.005" /><testcase classname="tests.test_orchestrator" name="test_missing_live_token_does_not_reserve" time="0.007" /><testcase classname="tests.test_orchestrator" name="test_candidate_count_cap_overrides_remaining_money" time="0.038" /><testcase classname="tests.test_orchestrator" name="test_speech_dry_run_reserves_by_character" time="0.007" /><testcase classname="tests.test_orchestrator" name="test_live_speech_persists_wav_and_word_timing" time="0.015" /><testcase classname="tests.test_orchestrator" name="test_cost_comparison_ignores_float_noise_but_not_real_overage" time="0.000" /><testcase classname="tests.test_orchestrator" name="test_partner_avatar_requires_explicit_override_without_reserving" time="0.004" /><testcase classname="tests.test_orchestrator" name="test_partner_avatar_accepts_public_https_without_persisting_url" time="0.005" /><testcase classname="tests.test_orchestrator" name="test_partner_avatar_rejects_insecure_image_url_without_reserving" time="0.004" /><testcase classname="tests.test_orchestrator" name="test_live_partner_avatar_uses_partner_policy_cap_and_persists_video" time="0.006" /><testcase classname="tests.test_orchestrator" name="test_partner_avatar_attempt_cap_is_five" time="0.007" /><testcase classname="tests.test_orchestrator" name="test_partner_avatar_rejects_camera_or_missing_gaze" time="0.004" /><testcase classname="tests.test_orchestrator" name="test_explicit_run_and_avatar_attempt_caps_are_enforced" time="0.004" /><testcase classname="tests.test_production" name="test_golden_scene_is_complete_and_prompt_repeats_continuity" time="0.001" /><testcase classname="tests.test_production" name="test_invalid_scene_is_rejected" time="0.001" /><testcase classname="tests.test_production" name="test_cliffhanger_scene_has_master_multiple_turns_and_gaze_control" time="0.004" /><testcase classname="tests.test_production" name="test_clinic_scene_and_ordered_production_are_backward_compatible" time="0.007" /><testcase classname="tests.test_provider" name="test_parses_cost_and_output_without_leaking_token" time="0.000" /><testcase classname="tests.test_provider" name="test_missing_cost_and_timeout_block_retry" time="0.000" /><testcase classname="tests.test_provider" name="test_http_failure_is_safe" time="0.000" /><testcase classname="tests.test_provider" name="test_parses_documented_video_field" time="0.000" /><testcase classname="tests.test_provider" name="test_download_accepts_video_data_url" time="0.024" /><testcase classname="tests.test_provider" name="test_audio_inference_normalizes_base64_output" time="0.000" /><testcase classname="tests.test_retention" name="test_retention_keeps_masters_and_marks_only_derivatives" time="0.003" /><testcase classname="tests.test_retention" name="test_prune_is_dry_run_by_default_and_apply_is_bounded" time="0.002" /></testsuite></testsuites>