<?xml version="1.0" encoding="utf-8"?><testsuites name="pytest tests"><testsuite name="pytest" errors="0" failures="0" skipped="0" tests="11" time="0.040" timestamp="2026-08-03T02:36:53.761696+00:00" hostname="codespaces-b99225"><testcase classname="tests.test_production" name="test_golden_scene_is_complete_and_prompt_repeats_continuity" time="0.001" /><testcase classname="tests.test_production" name="test_invalid_scene_is_rejected" time="0.003" /><testcase classname="tests.test_production" name="test_cliffhanger_scene_has_master_multiple_turns_and_gaze_control" time="0.001" /><testcase classname="tests.test_production" name="test_clinic_scene_and_ordered_production_are_backward_compatible" time="0.002" /><testcase classname="tests.test_auditor" name="test_golden_storyboard_passes_spatial_gate_and_avoids_text_objects" time="0.001" /><testcase classname="tests.test_auditor" name="test_storyboard_blocks_text_conflict_and_unsafe_bench" time="0.001" /><testcase classname="tests.test_auditor" name="test_storyboard_blocks_missing_master_and_camera_gaze" time="0.001" /><testcase classname="tests.test_auditor" name="test_draft_blocks_pending_review_and_passes_complete_review" time="0.002" /><testcase classname="tests.test_auditor" name="test_clinic_profile_passes_and_results_are_machine_actionable" time="0.002" /><testcase classname="tests.test_auditor" name="test_uncertain_continuity_routes_to_review_without_retry" time="0.001" /><testcase classname="tests.test_auditor" name="test_bounded_repair_requires_exact_prompt_and_one_attempt" time="0.001" /></testsuite></testsuites>